2020-03-22 13:10:25 [scrapy.utils.log] INFO: Scrapy 2.0.1 started (bot: EventCrawler)
2020-03-22 13:10:25 [scrapy.utils.log] INFO: Versions: lxml 4.5.0.0, libxml2 2.9.10, cssselect 1.1.0, parsel 1.5.2, w3lib 1.21.0, Twisted 20.3.0, Python 3.7.4 (default, Oct 12 2019, 19:06:48) - [Clang 11.0.0 (clang-1100.0.33.8)], pyOpenSSL 19.1.0 (OpenSSL 1.1.1d  10 Sep 2019), cryptography 2.8, Platform Darwin-19.0.0-x86_64-i386-64bit
2020-03-22 13:10:25 [scrapy.utils.log] DEBUG: Using reactor: twisted.internet.selectreactor.SelectReactor
2020-03-22 13:10:25 [scrapy.crawler] INFO: Overridden settings:
{'BOT_NAME': 'EventCrawler',
 'LOG_FILE': 'logs/EventCrawler/event/1b394fa06c3611ea8c5bf21898283cc3.log',
 'NEWSPIDER_MODULE': 'EventCrawler.spiders',
 'ROBOTSTXT_OBEY': True,
 'SPIDER_MODULES': ['EventCrawler.spiders']}
2020-03-22 13:10:25 [scrapy.extensions.telnet] INFO: Telnet Password: a3a9a75208c63a47
2020-03-22 13:10:25 [scrapy.middleware] INFO: Enabled extensions:
['scrapy.extensions.corestats.CoreStats',
 'scrapy.extensions.telnet.TelnetConsole',
 'scrapy.extensions.memusage.MemoryUsage',
 'scrapy.extensions.logstats.LogStats']
2020-03-22 13:10:25 [scrapy.middleware] INFO: Enabled downloader middlewares:
['scrapy.downloadermiddlewares.robotstxt.RobotsTxtMiddleware',
 'scrapy.downloadermiddlewares.httpauth.HttpAuthMiddleware',
 'scrapy.downloadermiddlewares.downloadtimeout.DownloadTimeoutMiddleware',
 'scrapy.downloadermiddlewares.defaultheaders.DefaultHeadersMiddleware',
 'scrapy.downloadermiddlewares.useragent.UserAgentMiddleware',
 'scrapy.downloadermiddlewares.retry.RetryMiddleware',
 'scrapy.downloadermiddlewares.redirect.MetaRefreshMiddleware',
 'scrapy.downloadermiddlewares.httpcompression.HttpCompressionMiddleware',
 'scrapy.downloadermiddlewares.redirect.RedirectMiddleware',
 'scrapy.downloadermiddlewares.cookies.CookiesMiddleware',
 'scrapy.downloadermiddlewares.httpproxy.HttpProxyMiddleware',
 'scrapy.downloadermiddlewares.stats.DownloaderStats']
2020-03-22 13:10:25 [scrapy.middleware] INFO: Enabled spider middlewares:
['scrapy.spidermiddlewares.httperror.HttpErrorMiddleware',
 'scrapy.spidermiddlewares.offsite.OffsiteMiddleware',
 'scrapy.spidermiddlewares.referer.RefererMiddleware',
 'scrapy.spidermiddlewares.urllength.UrlLengthMiddleware',
 'scrapy.spidermiddlewares.depth.DepthMiddleware']
2020-03-22 13:10:25 [scrapy.middleware] INFO: Enabled item pipelines:
['EventCrawler.pipelines.EventcrawlerPipeline']
2020-03-22 13:10:25 [scrapy.core.engine] INFO: Spider opened
2020-03-22 13:10:25 [scrapy.extensions.logstats] INFO: Crawled 0 pages (at 0 pages/min), scraped 0 items (at 0 items/min)
2020-03-22 13:10:25 [scrapy.extensions.telnet] INFO: Telnet console listening on 127.0.0.1:6023
2020-03-22 13:10:26 [scrapy.core.engine] DEBUG: Crawled (404) <GET https://Abakus.no/robots.txt> (referer: None)
2020-03-22 13:10:26 [protego] DEBUG: Rule at line 30 without any user agent to enforce it on.
2020-03-22 13:10:26 [protego] DEBUG: Rule at line 31 without any user agent to enforce it on.
2020-03-22 13:10:26 [protego] DEBUG: Rule at line 32 without any user agent to enforce it on.
2020-03-22 13:10:26 [protego] DEBUG: Rule at line 34 without any user agent to enforce it on.
2020-03-22 13:10:26 [protego] DEBUG: Rule at line 39 without any user agent to enforce it on.
2020-03-22 13:10:26 [protego] DEBUG: Rule at line 41 without any user agent to enforce it on.
2020-03-22 13:10:26 [protego] DEBUG: Rule at line 42 without any user agent to enforce it on.
2020-03-22 13:10:26 [protego] DEBUG: Rule at line 47 without any user agent to enforce it on.
2020-03-22 13:10:26 [protego] DEBUG: Rule at line 51 without any user agent to enforce it on.
2020-03-22 13:10:26 [protego] DEBUG: Rule at line 52 without any user agent to enforce it on.
2020-03-22 13:10:26 [scrapy.core.engine] DEBUG: Crawled (200) <GET https://Abakus.no/events> (referer: None)
2020-03-22 13:10:27 [scrapy.core.engine] DEBUG: Crawled (200) <GET https://Abakus.no/events/2638> (referer: https://Abakus.no/events)
2020-03-22 13:10:27 [scrapy.core.engine] DEBUG: Crawled (200) <GET https://Abakus.no/events/2606> (referer: https://Abakus.no/events)
2020-03-22 13:10:27 [scrapy.core.scraper] DEBUG: Scraped from <200 https://Abakus.no/events/2638>
{'description': 'TB',
 'host': 'Abakus',
 'location': 'TBA',
 'name': 'Immatrikuleringsball',
 'start': '1598721300000',
 'study_program': 'MTDT, MTKOM',
 'type': 'Arrangement',
 'url': 'https://Abakus.no/events/2638'}
2020-03-22 13:10:27 [scrapy.core.engine] DEBUG: Crawled (200) <GET https://Abakus.no/events/2609> (referer: https://Abakus.no/events)
2020-03-22 13:10:27 [scrapy.core.scraper] DEBUG: Scraped from <200 https://Abakus.no/events/2606>
{'description': 'Abakus er 43 친r. Hva har vi f친tt til i l칮pet av 43 친r lurer '
                'du kanskje? Mye spennende, og mer skal det bli. Derfor '
                'inviterer vi til et nyskapende, aldri f칮r sett og pirrende '
                'arrangement - Nudler.\n'
                'Hva gj칮r man p친 dette arrangementet? \n'
                'Spiser nudler. \n'
                '\n'
                'Ses der! :-)\n',
 'host': 'Abakus',
 'location': 'TBA',
 'name': '[Utsatt] Nudler!!',
 'start': '1587464100000',
 'study_program': 'MTDT, MTKOM',
 'type': 'Sosialt',
 'url': 'https://Abakus.no/events/2606'}
2020-03-22 13:10:27 [scrapy.core.scraper] DEBUG: Scraped from <200 https://Abakus.no/events/2609>
{'description': 'Liker du toastjern? Liker du p칮lser? Da er dette '
                'arrangementet for deg! Koskom stiller med p칮lser og to '
                'toastjern. S친 her blir det p칮lser for store og sm친 ',
 'host': 'Abakus',
 'location': 'Kontis',
 'name': '[Utsatt] P칮lse i toastjern dagen',
 'start': '1585131300000',
 'study_program': 'MTDT, MTKOM',
 'type': 'Sosialt',
 'url': 'https://Abakus.no/events/2609'}
2020-03-22 13:10:27 [scrapy.core.engine] DEBUG: Crawled (200) <GET https://Abakus.no/events/2566> (referer: https://Abakus.no/events)
2020-03-22 13:10:27 [scrapy.core.scraper] DEBUG: Scraped from <200 https://Abakus.no/events/2566>
{'description': 'EY inviterer studenter fra Abakus og Teknologiporten til en '
                'helaften p친 Kvilhaugen G친rd 24. mars 2020. Det blir '
                'musikkbingo, buffet og sangria.\n'
                'Mer info kommer',
 'host': 'Abakus',
 'location': 'TBA',
 'name': '[Avlyst] Bingo-bedpres med EY @ Kvilhaugen',
 'start': '1585066500000',
 'study_program': 'MTDT, MTKOM',
 'type': 'Alternativ bedpres',
 'url': 'https://Abakus.no/events/2566'}
2020-03-22 13:10:27 [scrapy.core.engine] DEBUG: Crawled (200) <GET https://Abakus.no/events/2613> (referer: https://Abakus.no/events)
2020-03-22 13:10:27 [scrapy.core.scraper] DEBUG: Scraped from <200 https://Abakus.no/events/2613>
{'description': 'Det begynner 친 n칝rme seg eksamen og du merker kanskje at du '
                'blir mer og mer stressa for hver dag som g친r. Koskom stiller '
                'med l칮sningen: vi arrangerer Paint and Sip p친 kontoret! Vet '
                'du ikke hva det er? Enkelt forklart er det et konsept som g친r '
                'ut p친 친 male og drikke vin, samtidig.\xa0\n'
                'Ta med deg en venn og en vinflaske p친 deling (eller en hver, '
                'det skal vi!), og bruk kvelden p친 친 lage et mesterverk. Vi '
                'stiller med maling og lerret, og til slutt f친r du '
                'selvf칮lgelig lov til 친 ta med deg mesterverket hjem.\n'
                'Vi ses!\n'
                '\n'
                '\n'
                '\n'
                'OBS: Det er et begrenset antall lerret. De blir delt ut til '
                'de f칮rste som kommer.',
 'host': 'Abakus',
 'location': 'Kontoret',
 'name': 'Paint and Sip!',
 'start': '1587744900000',
 'study_program': 'MTDT, MTKOM',
 'type': 'Sosialt',
 'url': 'https://Abakus.no/events/2613'}
2020-03-22 13:10:27 [scrapy.core.engine] DEBUG: Crawled (200) <GET https://Abakus.no/events/2564> (referer: https://Abakus.no/events)
2020-03-22 13:10:27 [scrapy.core.scraper] DEBUG: Scraped from <200 https://Abakus.no/events/2564>
{'description': 'TB',
 'host': 'Abakus',
 'location': 'TBA',
 'name': '[Avlyst] Netcompany',
 'start': '1587654900000',
 'study_program': 'MTDT, MTKOM',
 'type': 'Alternativ bedpres',
 'url': 'https://Abakus.no/events/2564'}
2020-03-22 13:10:28 [scrapy.core.engine] DEBUG: Crawled (200) <GET https://Abakus.no/events/2633> (referer: https://Abakus.no/events)
2020-03-22 13:10:28 [scrapy.core.engine] DEBUG: Crawled (200) <GET https://Abakus.no/events/2592> (referer: https://Abakus.no/events)
2020-03-22 13:10:28 [scrapy.core.engine] DEBUG: Crawled (200) <GET https://Abakus.no/events/2608> (referer: https://Abakus.no/events)
2020-03-22 13:10:28 [scrapy.core.engine] DEBUG: Crawled (200) <GET https://Abakus.no/events/2619> (referer: https://Abakus.no/events)
2020-03-22 13:10:28 [scrapy.core.engine] DEBUG: Crawled (200) <GET https://Abakus.no/events/2583> (referer: https://Abakus.no/events)
2020-03-22 13:10:28 [scrapy.core.scraper] DEBUG: Scraped from <200 https://Abakus.no/events/2633>
{'description': 'Velkommen til LightningTalks 2020!\n'
                '\n'
                'Vi samler alle studentene under IDI til v친rens kuleste '
                'arrangement!\n'
                'IDIs studenter og ansatte sitter p친 en enorm mengde kunnskap, '
                'og vi 칮nsker 친 sette dette i fokus. \n'
                '"Hvordan?", \n'
                'sp칮r du.\n'
                ' "LightningTalks 2020",\n'
                ' sier vi.\n'
                '\n'
                'Dette blir en kveld hvor b친de studenter og ansatte kan dele '
                'av sin kunnskap gjennom lyntaler. En lyntale varer i '
                'maksimalt 10 minutter, og pr칮ver 친 spre et budskap p친 en rask '
                'og r칮ff m친te. M친let er 친 skape en interesse eller en debatt '
                'blant publikum. Lyntalene kan handle om hva som helst; alt '
                'fra programmering, til reising, til datingtips og hvordan '
                'takle kleine situasjoner. Her f친r du litt av hvert! Som '
                'publikum kan du bare lene deg tilbake og nyte lyntalene fra '
                'de andre.\n'
                'I tillegg er dette en god m친te 친 bli kjent med de kjekke '
                'guttene fra Online, de s칮te jentene fra TIHLDE, de dyktige '
                'ansatte ved IDI, eller andre abakuler.',
 'host': 'Abakus',
 'location': 'TBA',
 'name': '[Utsatt] Lightning Talks 2020',
 'start': '1584979200000',
 'study_program': 'MTDT, MTKOM',
 'type': 'Kurs',
 'url': 'https://Abakus.no/events/2633'}
2020-03-22 13:10:28 [scrapy.core.scraper] DEBUG: Scraped from <200 https://Abakus.no/events/2592>
{'description': 'TB',
 'host': 'Abakus',
 'location': 'TBA',
 'name': '[Avlyst] Kurs med Netcompany del 2',
 'start': '1587050100000',
 'study_program': 'MTDT, MTKOM',
 'type': 'Kurs',
 'url': 'https://Abakus.no/events/2592'}
2020-03-22 13:10:28 [scrapy.core.scraper] DEBUG: Scraped from <200 https://Abakus.no/events/2608>
{'description': 'Er du lei av for mye smash p친 kontoret? Eller elsker du bare '
                'gleden av 친 vinne over vennene dine i FIFA?\n'
                'N친 har du mulighet til 친 vise hvem som er best! \n'
                'Onsdag 1. april skal nemlig Abakus sin aller beste '
                'FIFA-spiller k친res. Det vil bli  1 mot 1 i en spennede '
                'turnering, hvor vi til slutt st친r igjen med en vinner. \n'
                'Vi stiller med snacks og brus, du stiller med '
                'konkurranseinstinkt!\n'
                'sees der!',
 'host': 'Abakus',
 'location': 'Kontoret',
 'name': '[Utsatt] FIFA-turnering',
 'start': '1585754100000',
 'study_program': 'MTDT, MTKOM',
 'type': 'Sosialt',
 'url': 'https://Abakus.no/events/2608'}
2020-03-22 13:10:28 [scrapy.core.scraper] DEBUG: Scraped from <200 https://Abakus.no/events/2619>
{'description': '2. april blir det p친skeeggjakt p친 Gl칮s! Informasjon om hvor '
                "og hvordan du finner eggene kommer p친 Abakus' facebook-gruppe "
                'p친 selve jaktdagen.   \n'
                '\n'
                'Finn din indre p친skehare, m칮t opp og jakt med oss!',
 'host': 'Abakus',
 'location': 'Gl칮shaugen',
 'name': '[Utsatt] P친skejakt',
 'start': '1585814400000',
 'study_program': 'MTDT, MTKOM',
 'type': 'Sosialt',
 'url': 'https://Abakus.no/events/2619'}
2020-03-22 13:10:28 [scrapy.core.engine] DEBUG: Crawled (200) <GET https://Abakus.no/events/2621> (referer: https://Abakus.no/events)
2020-03-22 13:10:28 [scrapy.core.scraper] DEBUG: Scraped from <200 https://Abakus.no/events/2583>
{'description': 'TB',
 'host': 'Abakus',
 'location': 'TBA',
 'name': '[Avlyst] Startup-kveld',
 'start': '1585667700000',
 'study_program': 'MTDT, MTKOM',
 'type': 'Alternativ bedpres',
 'url': 'https://Abakus.no/events/2583'}
2020-03-22 13:10:28 [scrapy.core.scraper] DEBUG: Scraped from <200 https://Abakus.no/events/2621>
{'description': "L칮rdag 28. mars arrangeres den 친rlige AbaCup'en. Senere p친 "
                'kvelden b칝rer turen videre til LaBamba, der det blir topp '
                'stemning med tidenes afterparty. I tradisjonen tro blir det '
                'raskfest-tema, s친 kle deg opp i dine raskeste kl칝r og la '
                'dansefoten g친 like raskt som Usain Bolt p친 100 meteren ;)   \n'
                'Bli med oss 친 l칮fte taket like h칮yt som \n'
                'Steinar Hoen\n'
                '(?) hoppet i h칮ydehopp i 1997. Vi gleder oss!',
 'host': 'Abakus',
 'location': 'Herman Krags vei 14',
 'name': '[Utsatt] Raskfest p친 LaBamba - afterparty etter AbaCup',
 'start': '1585418400000',
 'study_program': 'MTDT, MTKOM',
 'type': 'Fest',
 'url': 'https://Abakus.no/events/2621'}
2020-03-22 13:10:28 [scrapy.core.engine] DEBUG: Crawled (200) <GET https://Abakus.no/events/2617> (referer: https://Abakus.no/events)
2020-03-22 13:10:28 [scrapy.core.scraper] DEBUG: Scraped from <200 https://Abakus.no/events/2617>
{'description': 'Det er tid for 친rets Abacup!丘쬂잺\n'
                'L칮rdag 28.mars braker det l칮s med futsalturenring i '
                'idrettshallen p친 Dragvoll. Dere kan melde p친 fullt lag eller '
                'deler av lag som vi setter sammen游눩游낖\n'
                'Send en mail til sandra.kvaloy@abakus.no med navn p친 '
                'spiller(e) + et kult lagnavn og draktfarge! Hvert lag er p친 '
                '5-9 spillere. \n'
                'Alle er velkommen enten dere skal spille eller bare heie!游놆 Vi '
                'oppfordrer alle til 친 m칮te opp, det blir god fotball og '
                'servering av mat og drikke.\n'
                'Alle lag f친r spille en del kamper i gruppespillet, og de '
                'beste lagene g친r videre til sluttspillet - vinneren stikker '
                'ikke bare av med heder og 칝re, men f친r ta med seg en 칝rverdig '
                'pokal hjem游끥\n'
                'P칀MELDINGSFRIST:\n'
                ' 26.mars kl.12.00\n'
                'Regler: Tilsvarende disse (med noen forenklinger): '
                'http://futsal.no/utstyr/\n'
                '\n'
                '\n'
                '\n'
                'Arrkom kommer, kommer du',
 'host': 'Abakus',
 'location': 'TBA',
 'name': '[Utsatt] Abacup',
 'start': '1585389600000',
 'study_program': 'MTDT, MTKOM',
 'type': 'Arrangement',
 'url': 'https://Abakus.no/events/2617'}
2020-03-22 13:10:28 [scrapy.core.engine] DEBUG: Crawled (200) <GET https://Abakus.no/events/2591> (referer: https://Abakus.no/events)
2020-03-22 13:10:28 [scrapy.core.scraper] DEBUG: Scraped from <200 https://Abakus.no/events/2591>
{'description': 'TB',
 'host': 'Abakus',
 'location': 'TBA',
 'name': '[Avlyst] Kurs med Netcompany del 1',
 'start': '1585239300000',
 'study_program': 'MTDT, MTKOM',
 'type': 'Kurs',
 'url': 'https://Abakus.no/events/2591'}
2020-03-22 13:10:28 [scrapy.core.engine] DEBUG: Crawled (200) <GET https://Abakus.no/events/2636> (referer: https://Abakus.no/events)
2020-03-22 13:10:28 [scrapy.core.scraper] DEBUG: Scraped from <200 https://Abakus.no/events/2636>
{'description': 'Onsdag 25.mars varter Abakus opp med stort fellesvors med '
                'Ind칮k-Data p친 Lokal Klubb. Her vil det selvsagt v칝re '
                'studentpriser p친 칮l og drinker, og er du ekstra god i '
                'konkurransene eller tidlig nok ute kan du lure til deg noen '
                'ekstra enheter ;)\n'
                'Dette er en ypperlig anledning til 친 bli bedre kjent p친 tvers '
                'av linjene. Senere drar vi samlet til The Mint, der vi m칮ter '
                'resten av Ind칮k og linjene til deres teknologiretninger! '
                '(Emil, marin og maskin)\n'
                'Vi gleder oss!\n'
                '\n'
                '\n'
                '\n'
                'Arrkom kommer, kommer du?\n'
                '\n'
                '\n'
                '\n'
                '\n',
 'host': 'Abakus',
 'location': 'TBA',
 'name': '[Utsatt] Teknovennefest',
 'start': '1585159200000',
 'study_program': 'MTDT, MTKOM',
 'type': 'Arrangement',
 'url': 'https://Abakus.no/events/2636'}
2020-03-22 13:10:28 [scrapy.core.engine] INFO: Closing spider (finished)
2020-03-22 13:10:28 [scrapy.statscollectors] INFO: Dumping Scrapy stats:
{'downloader/request_bytes': 4259,
 'downloader/request_count': 17,
 'downloader/request_method_count/GET': 17,
 'downloader/response_bytes': 271729,
 'downloader/response_count': 17,
 'downloader/response_status_count/200': 16,
 'downloader/response_status_count/404': 1,
 'elapsed_time_seconds': 2.813411,
 'finish_reason': 'finished',
 'finish_time': datetime.datetime(2020, 3, 22, 12, 10, 28, 803080),
 'item_scraped_count': 15,
 'log_count/DEBUG': 42,
 'log_count/INFO': 10,
 'memusage/max': 55132160,
 'memusage/startup': 55128064,
 'request_depth_max': 1,
 'response_received_count': 17,
 'robotstxt/request_count': 1,
 'robotstxt/response_count': 1,
 'robotstxt/response_status_count/404': 1,
 'scheduler/dequeued': 16,
 'scheduler/dequeued/memory': 16,
 'scheduler/enqueued': 16,
 'scheduler/enqueued/memory': 16,
 'start_time': datetime.datetime(2020, 3, 22, 12, 10, 25, 989669)}
2020-03-22 13:10:28 [scrapy.core.engine] INFO: Spider closed (finished)
